TN:
SF:script/Deploy.s.sol
DA:31,0
FN:31,DeployScript.run
FNDA:0,DeployScript.run
DA:33,0
DA:34,0
DA:36,0
DA:37,0
DA:38,0
DA:40,0
DA:44,0
DA:46,0
DA:47,0
DA:50,0
DA:52,0
DA:53,0
DA:54,0
DA:55,0
DA:56,0
DA:57,0
DA:58,0
DA:59,0
DA:62,0
DA:63,0
DA:64,0
DA:65,0
DA:66,0
DA:67,0
DA:68,0
DA:70,0
DA:72,0
DA:73,0
DA:74,0
DA:75,0
DA:83,0
FN:83,DeployScript._findHookAddress
FNDA:0,DeployScript._findHookAddress
DA:86,0
DA:97,0
FN:97,DeployAndInitPoolScript.run
FNDA:0,DeployAndInitPoolScript.run
DA:99,0
DA:100,0
DA:101,0
DA:102,0
DA:103,0
DA:105,0
DA:106,0
DA:107,0
DA:108,0
DA:109,0
DA:111,0
DA:113,0
DA:114,0
DA:117,0
DA:126,0
DA:128,0
DA:130,0
DA:131,0
DA:133,0
DA:142,0
FN:142,TestBidScript.run
FNDA:0,TestBidScript.run
DA:143,0
DA:144,0
DA:145,0
DA:146,0
DA:148,0
DA:149,0
DA:150,0
DA:152,0
DA:154,0
DA:157,0
DA:166,0
DA:167,0
DA:169,0
DA:170,0
DA:172,0
DA:174,0
DA:175,0
DA:177,0
FNF:4
FNH:0
LF:72
LH:0
BRF:0
BRH:0
end_of_record
TN:
SF:src/AuctionPoolHook.sol
DA:171,20
FN:171,AuctionPoolHook.submitBid
FNDA:20,AuctionPoolHook.submitBid
DA:175,20
DA:176,20
DA:179,20
DA:184,20
BRDA:184,0,0,1
BRDA:184,0,1,19
DA:188,19
BRDA:188,1,0,1
BRDA:188,1,1,18
DA:194,18
DA:203,18
BRDA:203,2,0,2
DA:204,2
DA:207,18
DA:208,18
DA:210,18
DA:218,4
FN:218,AuctionPoolHook.setSwapFee
FNDA:4,AuctionPoolHook.setSwapFee
DA:222,4
DA:223,4
DA:225,4
BRDA:225,3,0,1
BRDA:225,3,1,3
DA:226,3
BRDA:226,4,0,1
BRDA:226,4,1,2
DA:228,2
DA:230,2
DA:237,1
FN:237,AuctionPoolHook.claimRent
FNDA:1,AuctionPoolHook.claimRent
DA:238,1
DA:240,1
DA:241,1
BRDA:241,5,0,-
BRDA:241,5,1,1
DA:243,1
DA:244,1
BRDA:244,6,0,-
BRDA:244,6,1,1
DA:247,1
DA:249,1
DA:251,1
DA:258,1
FN:258,AuctionPoolHook.withdrawManagerFees
FNDA:1,AuctionPoolHook.withdrawManagerFees
DA:259,1
DA:261,1
DA:262,1
BRDA:262,7,0,-
BRDA:262,7,1,1
DA:264,1
DA:266,1
DA:268,1
DA:279,4
FN:279,AuctionPoolHook.getPendingRent
FNDA:4,AuctionPoolHook.getPendingRent
DA:280,14
DA:281,14
DA:283,7
DA:284,7
DA:286,7
DA:294,1
FN:294,AuctionPoolHook.getBidHistory
FNDA:1,AuctionPoolHook.getBidHistory
DA:295,1
DA:304,16
FN:304,AuctionPoolHook._updateAuction
FNDA:16,AuctionPoolHook._updateAuction
DA:305,16
DA:306,16
DA:309,16
DA:316,16
DA:317,16
DA:318,16
DA:320,16
BRDA:320,9,0,12
DA:322,12
BRDA:322,10,0,1
DA:323,1
DA:324,1
DA:325,1
DA:326,1
DA:330,12
BRDA:330,11,0,-
DA:331,0
DA:335,12
DA:336,12
DA:337,12
DA:339,12
DA:340,12
DA:341,12
DA:342,12
DA:345,12
DA:347,12
DA:355,16
FN:355,AuctionPoolHook._collectRent
FNDA:16,AuctionPoolHook._collectRent
DA:356,16
DA:358,16
DA:360,16
DA:361,16
DA:363,16
BRDA:363,13,0,3
DA:365,3
DA:366,3
DA:367,3
DA:370,3
DA:372,3
DA:381,4
FN:381,AuctionPoolHook._distributeRent
FNDA:4,AuctionPoolHook._distributeRent
DA:382,4
DA:384,4
DA:387,3
DA:394,2
FN:394,AuctionPoolHook._refundBid
FNDA:2,AuctionPoolHook._refundBid
DA:395,2
DA:396,2
BRDA:396,15,0,2
DA:397,2
DA:413,16
FN:413,AuctionPoolHook._beforeSwap
FNDA:16,AuctionPoolHook._beforeSwap
DA:419,16
DA:420,16
DA:423,16
DA:426,16
DA:429,16
DA:432,16
BRDA:432,16,0,-
DA:433,0
DA:436,16
DA:453,16
FN:453,AuctionPoolHook._afterSwap
FNDA:16,AuctionPoolHook._afterSwap
DA:462,16
DA:473,2
FN:473,AuctionPoolHook._beforeRemoveLiquidity
FNDA:2,AuctionPoolHook._beforeRemoveLiquidity
DA:479,2
DA:480,2
DA:483,2
DA:486,2
BRDA:486,17,0,2
DA:487,2
DA:488,2
DA:491,2
BRDA:491,18,0,1
DA:492,1
DA:496,2
DA:497,2
BRDA:497,19,0,-
DA:498,0
DA:499,0
DA:500,0
DA:504,2
DA:505,2
DA:507,2
DA:508,2
DA:511,2
DA:525,24
FN:525,AuctionPoolHook._afterAddLiquidity
FNDA:24,AuctionPoolHook._afterAddLiquidity
DA:533,24
DA:536,24
DA:539,24
BRDA:539,20,0,7
DA:540,7
DA:543,7
DA:544,7
BRDA:544,21,0,-
DA:545,0
DA:546,0
DA:547,0
DA:551,7
DA:552,7
DA:555,7
BRDA:555,22,0,7
DA:556,7
DA:559,7
DA:562,24
DA:568,17
FN:568,AuctionPoolHook.getHookPermissions
FNDA:17,AuctionPoolHook.getHookPermissions
DA:569,17
FNF:15
FNH:15
LF:134
LH:126
BRF:27
BRH:20
end_of_record
